<?xml version="1.0" encoding="UTF-8"?>
<!-- Generated by org.testng.reporters.JUnitReportReporter -->
<testsuite hostname="Ashok" failures="0" tests="2" name="seleniumTests.OpeningBrowsers" time="16.227" errors="0" timestamp="2022-03-01T12:39:00 IST" skipped="0">
  <testcase classname="seleniumTests.OpeningBrowsers" name="run" time="6.908"/>
  <system-out/>
  <testcase classname="seleniumTests.OpeningBrowsers" name="run" time="9.319"/>
  <system-out/>
</testsuite> <!-- seleniumTests.OpeningBrowsers -->
